<?xml version="1.0" encoding="UTF-8"?>
<testsuite xmlns:xsi="http://www.w3.org/2001/XMLSchema-instance" xsi:noNamespaceSchemaLocation="https://maven.apache.org/surefire/maven-surefire-plugin/xsd/surefire-test-report.xsd" name="TestSuite" time="3.718" tests="3" errors="0" skipped="0" failures="3">
  <properties>
[...]
</properties>
  <testcase name="invokedriver" classname="com.bikes.testCases.BikeDetailsTest" time="1.206">
    <failure message="session not created: This version of ChromeDriver only supports Chrome version 89&#10;Current browser version is 91.0.4472.124 with binary path C:\Program Files\Google\Chrome\Application\chrome.exe&#10;Build info: version: &apos;3.141.59&apos;, revision: &apos;e82be7d358&apos;, time: &apos;2018-11-14T08:17:03&apos;&#10;System info: host: &apos;MCKL-20004788&apos;, ip: &apos;192.168.1.7&apos;, os.name: &apos;Windows 10&apos;, os.arch: &apos;amd64&apos;, os.version: &apos;10.0&apos;, java.version: &apos;16.0.1&apos;&#10;Driver info: driver.version: ChromeDriver&#10;remote stacktrace: Backtrace:&#10;	Ordinal0 [0x00E8E7D3+124883]&#10;	Ordinal0 [0x00E8E7B1+124849]&#10;	GetHandleVerifier [0x010D8688+193832]&#10;	GetHandleVerifier [0x010F3AC5+305509]&#10;	GetHandleVerifier [0x010F021B+291003]&#10;	GetHandleVerifier [0x010EE0AC+282444]&#10;	GetHandleVerifier [0x01114A90+440624]&#10;	GetHandleVerifier [0x011147FC+439964]&#10;	GetHandleVerifier [0x0111154B+426987]&#10;	GetHandleVerifier [0x010F4FFD+310941]&#10;	GetHandleVerifier [0x010F5D8E+314414]&#10;	GetHandleVerifier [0x010F5D19+314297]&#10;	GetHandleVerifier [0x011B31EC+1089676]&#10;	GetHandleVerifier [0x011B17C9+1082985]&#10;	GetHandleVerifier [0x011B13A3+1081923]&#10;	GetHandleVerifier [0x012AD9FD+2115741]&#10;	Ordinal0 [0x00FDB82E+1488942]&#10;	Ordinal0 [0x00F75A7D+1071741]&#10;	Ordinal0 [0x00F7559B+1070491]&#10;	Ordinal0 [0x00F754B1+1070257]&#10;	Ordinal0 [0x00FAFF53+1310547]&#10;	BaseThreadInitThunk [0x779EFA29+25]&#10;	RtlGetAppContainerNamedObjectPath [0x77C87A9E+286]&#10;	RtlGetAppContainerNamedObjectPath [0x77C87A6E+238]&#10;" type="org.openqa.selenium.SessionNotCreatedException">org.openqa.selenium.SessionNotCreatedException: 
session not created: This version of ChromeDriver only supports Chrome version 89
Current browser version is 91.0.4472.124 with binary path C:\Program Files\Google\Chrome\Application\chrome.exe
Build info: version: '3.141.59', revision: 'e82be7d358', time: '2018-11-14T08:17:03'
System info: host: 'MCKL-20004788', ip: '192.168.1.7', os.name: 'Windows 10', os.arch: 'amd64', os.version: '10.0', java.version: '16.0.1'
Driver info: driver.version: ChromeDriver
remote stacktrace: Backtrace:
	Ordinal0 [0x00E8E7D3+124883]
	Ordinal0 [0x00E8E7B1+124849]
	GetHandleVerifier [0x010D8688+193832]
	GetHandleVerifier [0x010F3AC5+305509]
	GetHandleVerifier [0x010F021B+291003]
	GetHandleVerifier [0x010EE0AC+282444]
	GetHandleVerifier [0x01114A90+440624]
	GetHandleVerifier [0x011147FC+439964]
	GetHandleVerifier [0x0111154B+426987]
	GetHandleVerifier [0x010F4FFD+310941]
	GetHandleVerifier [0x010F5D8E+314414]
	GetHandleVerifier [0x010F5D19+314297]
	GetHandleVerifier [0x011B31EC+1089676]
	GetHandleVerifier [0x011B17C9+1082985]
	GetHandleVerifier [0x011B13A3+1081923]
	GetHandleVerifier [0x012AD9FD+2115741]
	Ordinal0 [0x00FDB82E+1488942]
	Ordinal0 [0x00F75A7D+1071741]
	Ordinal0 [0x00F7559B+1070491]
	Ordinal0 [0x00F754B1+1070257]
	Ordinal0 [0x00FAFF53+1310547]
	BaseThreadInitThunk [0x779EFA29+25]
	RtlGetAppContainerNamedObjectPath [0x77C87A9E+286]
	RtlGetAppContainerNamedObjectPath [0x77C87A6E+238]

	at com.bikes.testCases.BikeDetailsTest.invokedriver(BikeDetailsTest.java:25)
</failure>
    <system-out><![CDATA[
-------------------------------------------------------------------------------------------------


1)To choose chrome brower for execution ,type-'Chrome'

1)To choose Mozila FireFox brower for execution ,type-'firefox'

1)To choose edge brower for execution ,type-'edge'

1)To exit the execution ,type-'exit'

-------------------------------------------------------------------------------------------------
-------------------------------------------------------------------------------------------------

]]></system-out>
    <system-err><![CDATA[Starting ChromeDriver 89.0.4389.23 (61b08ee2c50024bab004e48d2b1b083cdbdac579-refs/branch-heads/4389@{#294}) on port 19012
Only local connections are allowed.
Please see https://chromedriver.chromium.org/security-considerations for suggestions on keeping ChromeDriver safe.
ChromeDriver was started successfully.
]]></system-err>
  </testcase>
  <testcase name="clickLogin1" classname="com.bikes.testCases.LoginTest" time="0.914">
    <failure message="session not created: This version of ChromeDriver only supports Chrome version 89&#10;Current browser version is 91.0.4472.124 with binary path C:\Program Files\Google\Chrome\Application\chrome.exe&#10;Build info: version: &apos;3.141.59&apos;, revision: &apos;e82be7d358&apos;, time: &apos;2018-11-14T08:17:03&apos;&#10;System info: host: &apos;MCKL-20004788&apos;, ip: &apos;192.168.1.7&apos;, os.name: &apos;Windows 10&apos;, os.arch: &apos;amd64&apos;, os.version: &apos;10.0&apos;, java.version: &apos;16.0.1&apos;&#10;Driver info: driver.version: ChromeDriver&#10;remote stacktrace: Backtrace:&#10;	Ordinal0 [0x00E8E7D3+124883]&#10;	Ordinal0 [0x00E8E7B1+124849]&#10;	GetHandleVerifier [0x010D8688+193832]&#10;	GetHandleVerifier [0x010F3AC5+305509]&#10;	GetHandleVerifier [0x010F021B+291003]&#10;	GetHandleVerifier [0x010EE0AC+282444]&#10;	GetHandleVerifier [0x01114A90+440624]&#10;	GetHandleVerifier [0x011147FC+439964]&#10;	GetHandleVerifier [0x0111154B+426987]&#10;	GetHandleVerifier [0x010F4FFD+310941]&#10;	GetHandleVerifier [0x010F5D8E+314414]&#10;	GetHandleVerifier [0x010F5D19+314297]&#10;	GetHandleVerifier [0x011B31EC+1089676]&#10;	GetHandleVerifier [0x011B17C9+1082985]&#10;	GetHandleVerifier [0x011B13A3+1081923]&#10;	GetHandleVerifier [0x012AD9FD+2115741]&#10;	Ordinal0 [0x00FDB82E+1488942]&#10;	Ordinal0 [0x00F75A7D+1071741]&#10;	Ordinal0 [0x00F7559B+1070491]&#10;	Ordinal0 [0x00F754B1+1070257]&#10;	Ordinal0 [0x00FAFF53+1310547]&#10;	BaseThreadInitThunk [0x779EFA29+25]&#10;	RtlGetAppContainerNamedObjectPath [0x77C87A9E+286]&#10;	RtlGetAppContainerNamedObjectPath [0x77C87A6E+238]&#10;" type="org.openqa.selenium.SessionNotCreatedException">org.openqa.selenium.SessionNotCreatedException: 
session not created: This version of ChromeDriver only supports Chrome version 89
Current browser version is 91.0.4472.124 with binary path C:\Program Files\Google\Chrome\Application\chrome.exe
Build info: version: '3.141.59', revision: 'e82be7d358', time: '2018-11-14T08:17:03'
System info: host: 'MCKL-20004788', ip: '192.168.1.7', os.name: 'Windows 10', os.arch: 'amd64', os.version: '10.0', java.version: '16.0.1'
Driver info: driver.version: ChromeDriver
remote stacktrace: Backtrace:
	Ordinal0 [0x00E8E7D3+124883]
	Ordinal0 [0x00E8E7B1+124849]
	GetHandleVerifier [0x010D8688+193832]
	GetHandleVerifier [0x010F3AC5+305509]
	GetHandleVerifier [0x010F021B+291003]
	GetHandleVerifier [0x010EE0AC+282444]
	GetHandleVerifier [0x01114A90+440624]
	GetHandleVerifier [0x011147FC+439964]
	GetHandleVerifier [0x0111154B+426987]
	GetHandleVerifier [0x010F4FFD+310941]
	GetHandleVerifier [0x010F5D8E+314414]
	GetHandleVerifier [0x010F5D19+314297]
	GetHandleVerifier [0x011B31EC+1089676]
	GetHandleVerifier [0x011B17C9+1082985]
	GetHandleVerifier [0x011B13A3+1081923]
	GetHandleVerifier [0x012AD9FD+2115741]
	Ordinal0 [0x00FDB82E+1488942]
	Ordinal0 [0x00F75A7D+1071741]
	Ordinal0 [0x00F7559B+1070491]
	Ordinal0 [0x00F754B1+1070257]
	Ordinal0 [0x00FAFF53+1310547]
	BaseThreadInitThunk [0x779EFA29+25]
	RtlGetAppContainerNamedObjectPath [0x77C87A9E+286]
	RtlGetAppContainerNamedObjectPath [0x77C87A6E+238]

	at com.bikes.testCases.LoginTest.clickLogin1(LoginTest.java:22)
</failure>
    <system-out><![CDATA[
-------------------------------------------------------------------------------------------------


1)To choose chrome brower for execution ,type-'Chrome'

1)To choose Mozila FireFox brower for execution ,type-'firefox'

1)To choose edge brower for execution ,type-'edge'

1)To exit the execution ,type-'exit'

-------------------------------------------------------------------------------------------------
-------------------------------------------------------------------------------------------------

]]></system-out>
    <system-err><![CDATA[Starting ChromeDriver 89.0.4389.23 (61b08ee2c50024bab004e48d2b1b083cdbdac579-refs/branch-heads/4389@{#294}) on port 21028
Only local connections are allowed.
Please see https://chromedriver.chromium.org/security-considerations for suggestions on keeping ChromeDriver safe.
ChromeDriver was started successfully.
]]></system-err>
  </testcase>
  <testcase name="selectChennai" classname="com.bikes.testCases.UsedCarsTest" time="1.021">
    <failure message="session not created: This version of ChromeDriver only supports Chrome version 89&#10;Current browser version is 91.0.4472.124 with binary path C:\Program Files\Google\Chrome\Application\chrome.exe&#10;Build info: version: &apos;3.141.59&apos;, revision: &apos;e82be7d358&apos;, time: &apos;2018-11-14T08:17:03&apos;&#10;System info: host: &apos;MCKL-20004788&apos;, ip: &apos;192.168.1.7&apos;, os.name: &apos;Windows 10&apos;, os.arch: &apos;amd64&apos;, os.version: &apos;10.0&apos;, java.version: &apos;16.0.1&apos;&#10;Driver info: driver.version: ChromeDriver&#10;remote stacktrace: Backtrace:&#10;	Ordinal0 [0x00E8E7D3+124883]&#10;	Ordinal0 [0x00E8E7B1+124849]&#10;	GetHandleVerifier [0x010D8688+193832]&#10;	GetHandleVerifier [0x010F3AC5+305509]&#10;	GetHandleVerifier [0x010F021B+291003]&#10;	GetHandleVerifier [0x010EE0AC+282444]&#10;	GetHandleVerifier [0x01114A90+440624]&#10;	GetHandleVerifier [0x011147FC+439964]&#10;	GetHandleVerifier [0x0111154B+426987]&#10;	GetHandleVerifier [0x010F4FFD+310941]&#10;	GetHandleVerifier [0x010F5D8E+314414]&#10;	GetHandleVerifier [0x010F5D19+314297]&#10;	GetHandleVerifier [0x011B31EC+1089676]&#10;	GetHandleVerifier [0x011B17C9+1082985]&#10;	GetHandleVerifier [0x011B13A3+1081923]&#10;	GetHandleVerifier [0x012AD9FD+2115741]&#10;	Ordinal0 [0x00FDB82E+1488942]&#10;	Ordinal0 [0x00F75A7D+1071741]&#10;	Ordinal0 [0x00F7559B+1070491]&#10;	Ordinal0 [0x00F754B1+1070257]&#10;	Ordinal0 [0x00FAFF53+1310547]&#10;	BaseThreadInitThunk [0x779EFA29+25]&#10;	RtlGetAppContainerNamedObjectPath [0x77C87A9E+286]&#10;	RtlGetAppContainerNamedObjectPath [0x77C87A6E+238]&#10;" type="org.openqa.selenium.SessionNotCreatedException">org.openqa.selenium.SessionNotCreatedException: 
session not created: This version of ChromeDriver only supports Chrome version 89
Current browser version is 91.0.4472.124 with binary path C:\Program Files\Google\Chrome\Application\chrome.exe
Build info: version: '3.141.59', revision: 'e82be7d358', time: '2018-11-14T08:17:03'
System info: host: 'MCKL-20004788', ip: '192.168.1.7', os.name: 'Windows 10', os.arch: 'amd64', os.version: '10.0', java.version: '16.0.1'
Driver info: driver.version: ChromeDriver
remote stacktrace: Backtrace:
	Ordinal0 [0x00E8E7D3+124883]
	Ordinal0 [0x00E8E7B1+124849]
	GetHandleVerifier [0x010D8688+193832]
	GetHandleVerifier [0x010F3AC5+305509]
	GetHandleVerifier [0x010F021B+291003]
	GetHandleVerifier [0x010EE0AC+282444]
	GetHandleVerifier [0x01114A90+440624]
	GetHandleVerifier [0x011147FC+439964]
	GetHandleVerifier [0x0111154B+426987]
	GetHandleVerifier [0x010F4FFD+310941]
	GetHandleVerifier [0x010F5D8E+314414]
	GetHandleVerifier [0x010F5D19+314297]
	GetHandleVerifier [0x011B31EC+1089676]
	GetHandleVerifier [0x011B17C9+1082985]
	GetHandleVerifier [0x011B13A3+1081923]
	GetHandleVerifier [0x012AD9FD+2115741]
	Ordinal0 [0x00FDB82E+1488942]
	Ordinal0 [0x00F75A7D+1071741]
	Ordinal0 [0x00F7559B+1070491]
	Ordinal0 [0x00F754B1+1070257]
	Ordinal0 [0x00FAFF53+1310547]
	BaseThreadInitThunk [0x779EFA29+25]
	RtlGetAppContainerNamedObjectPath [0x77C87A9E+286]
	RtlGetAppContainerNamedObjectPath [0x77C87A6E+238]

	at com.bikes.testCases.UsedCarsTest.selectChennai(UsedCarsTest.java:22)
</failure>
    <system-out><![CDATA[
-------------------------------------------------------------------------------------------------


1)To choose chrome brower for execution ,type-'Chrome'

1)To choose Mozila FireFox brower for execution ,type-'firefox'

1)To choose edge brower for execution ,type-'edge'

1)To exit the execution ,type-'exit'

-------------------------------------------------------------------------------------------------
-------------------------------------------------------------------------------------------------

]]></system-out>
    <system-err><![CDATA[Starting ChromeDriver 89.0.4389.23 (61b08ee2c50024bab004e48d2b1b083cdbdac579-refs/branch-heads/4389@{#294}) on port 13491
Only local connections are allowed.
Please see https://chromedriver.chromium.org/security-considerations for suggestions on keeping ChromeDriver safe.
ChromeDriver was started successfully.
]]></system-err>
  </testcase>
</testsuite>